2018-06-12 14:06:39.651  INFO shauns-MacBook-Pro.local --- [  restartedMain] c.c.p.PaymentForecastApplication         : Starting PaymentForecastApplication on shauns-MacBook-Pro.local with PID 1886 (/Users/shaun/dev/payment-forecast-api/target/classes started by shaun in /Users/shaun/dev/payment-forecast-api)
2018-06-12 14:06:39.656  INFO shauns-MacBook-Pro.local --- [  restartedMain] c.c.p.PaymentForecastApplication         : No active profile set, falling back to default profiles: default
2018-06-12 14:06:39.698  INFO shauns-MacBook-Pro.local --- [  restartedMain] ConfigServletWebServerApplicationContext : Refreshing org.springframework.boot.web.servlet.context.AnnotationConfigServletWebServerApplicationContext@260e5113: startup date [Tue Jun 12 14:06:39 BST 2018]; root of context hierarchy
2018-06-12 14:06:40.681  INFO shauns-MacBook-Pro.local --- [  restartedMain] o.s.b.w.e.t.TomcatWebServer              : Tomcat initialized with port(s): 8080 (http)
2018-06-12 14:06:40.697  INFO shauns-MacBook-Pro.local --- [  restartedMain] o.a.c.h.Http11NioProtocol                : Initializing ProtocolHandler ["http-nio-8080"]
2018-06-12 14:06:40.703  INFO shauns-MacBook-Pro.local --- [  restartedMain] o.a.c.c.StandardService                  : Starting service [Tomcat]
2018-06-12 14:06:40.704  INFO shauns-MacBook-Pro.local --- [  restartedMain] o.a.c.c.StandardEngine                   : Starting Servlet Engine: Apache Tomcat/8.5.31
2018-06-12 14:06:40.707  INFO shauns-MacBook-Pro.local --- [ost-startStop-1] o.a.c.c.AprLifecycleListener             : The APR based Apache Tomcat Native library which allows optimal performance in production environments was not found on the java.library.path: [/Users/shaun/Library/Java/Extensions:/Library/Java/Extensions:/Network/Library/Java/Extensions:/System/Library/Java/Extensions:/usr/lib/java:.]
2018-06-12 14:06:40.761  INFO shauns-MacBook-Pro.local --- [ost-startStop-1] o.a.c.c.C.[.[.[/]                        : Initializing Spring embedded WebApplicationContext
2018-06-12 14:06:40.761  INFO shauns-MacBook-Pro.local --- [ost-startStop-1] o.s.w.c.ContextLoader                    : Root WebApplicationContext: initialization completed in 1065 ms
2018-06-12 14:06:40.890  INFO shauns-MacBook-Pro.local --- [ost-startStop-1] o.s.b.w.s.ServletRegistrationBean        : Servlet dispatcherServlet mapped to [/]
2018-06-12 14:06:40.893  INFO shauns-MacBook-Pro.local --- [ost-startStop-1] o.s.b.w.s.FilterRegistrationBean         : Mapping filter: 'characterEncodingFilter' to: [/*]
2018-06-12 14:06:40.894  INFO shauns-MacBook-Pro.local --- [ost-startStop-1] o.s.b.w.s.FilterRegistrationBean         : Mapping filter: 'hiddenHttpMethodFilter' to: [/*]
2018-06-12 14:06:40.894  INFO shauns-MacBook-Pro.local --- [ost-startStop-1] o.s.b.w.s.FilterRegistrationBean         : Mapping filter: 'httpPutFormContentFilter' to: [/*]
2018-06-12 14:06:40.894  INFO shauns-MacBook-Pro.local --- [ost-startStop-1] o.s.b.w.s.FilterRegistrationBean         : Mapping filter: 'requestContextFilter' to: [/*]
2018-06-12 14:06:41.030  INFO shauns-MacBook-Pro.local --- [  restartedMain] o.s.w.s.h.SimpleUrlHandlerMapping        : Mapped URL path [/**/favicon.ico] onto handler of type [class org.springframework.web.servlet.resource.ResourceHttpRequestHandler]
2018-06-12 14:06:41.234  INFO shauns-MacBook-Pro.local --- [  restartedMain] s.w.s.m.m.a.RequestMappingHandlerAdapter : Looking for @ControllerAdvice: org.springframework.boot.web.servlet.context.AnnotationConfigServletWebServerApplicationContext@260e5113: startup date [Tue Jun 12 14:06:39 BST 2018]; root of context hierarchy
2018-06-12 14:06:41.283  INFO shauns-MacBook-Pro.local --- [  restartedMain] s.w.s.m.m.a.RequestMappingHandlerMapping : Mapped "{[/health],methods=[GET],produces=[application/json]}" onto public com.cft.paymentforecast.dto.APIResponse com.cft.paymentforecast.controllers.HealthController.testHealth()
2018-06-12 14:06:41.287  INFO shauns-MacBook-Pro.local --- [  restartedMain] s.w.s.m.m.a.RequestMappingHandlerMapping : Mapped "{[/error]}" onto public org.springframework.http.ResponseEntity<java.util.Map<java.lang.String, java.lang.Object>> org.springframework.boot.autoconfigure.web.servlet.error.BasicErrorController.error(javax.servlet.http.HttpServletRequest)
2018-06-12 14:06:41.287  INFO shauns-MacBook-Pro.local --- [  restartedMain] s.w.s.m.m.a.RequestMappingHandlerMapping : Mapped "{[/error],produces=[text/html]}" onto public org.springframework.web.servlet.ModelAndView org.springframework.boot.autoconfigure.web.servlet.error.BasicErrorController.errorHtml(javax.servlet.http.HttpServletRequest,javax.servlet.http.HttpServletResponse)
2018-06-12 14:06:41.305  INFO shauns-MacBook-Pro.local --- [  restartedMain] o.s.w.s.h.SimpleUrlHandlerMapping        : Mapped URL path [/webjars/**] onto handler of type [class org.springframework.web.servlet.resource.ResourceHttpRequestHandler]
2018-06-12 14:06:41.305  INFO shauns-MacBook-Pro.local --- [  restartedMain] o.s.w.s.h.SimpleUrlHandlerMapping        : Mapped URL path [/**] onto handler of type [class org.springframework.web.servlet.resource.ResourceHttpRequestHandler]
2018-06-12 14:06:41.455  INFO shauns-MacBook-Pro.local --- [  restartedMain] o.s.b.d.a.OptionalLiveReloadServer       : LiveReload server is running on port 35729
2018-06-12 14:06:41.492  INFO shauns-MacBook-Pro.local --- [  restartedMain] o.s.j.e.a.AnnotationMBeanExporter        : Registering beans for JMX exposure on startup
2018-06-12 14:06:41.519  INFO shauns-MacBook-Pro.local --- [  restartedMain] o.a.c.h.Http11NioProtocol                : Starting ProtocolHandler ["http-nio-8080"]
2018-06-12 14:06:41.555  INFO shauns-MacBook-Pro.local --- [  restartedMain] o.a.t.u.n.NioSelectorPool                : Using a shared selector for servlet write/read
2018-06-12 14:06:41.575  INFO shauns-MacBook-Pro.local --- [  restartedMain] o.s.b.w.e.t.TomcatWebServer              : Tomcat started on port(s): 8080 (http) with context path ''
2018-06-12 14:06:41.583  INFO shauns-MacBook-Pro.local --- [  restartedMain] c.c.p.PaymentForecastApplication         : Started PaymentForecastApplication in 2.251 seconds (JVM running for 3.843)
2018-06-12 14:06:48.189  INFO shauns-MacBook-Pro.local --- [nio-8080-exec-1] o.a.c.c.C.[.[.[/]                        : Initializing Spring FrameworkServlet 'dispatcherServlet'
2018-06-12 14:06:48.189  INFO shauns-MacBook-Pro.local --- [nio-8080-exec-1] o.s.w.s.DispatcherServlet                : FrameworkServlet 'dispatcherServlet': initialization started
2018-06-12 14:06:48.202  INFO shauns-MacBook-Pro.local --- [nio-8080-exec-1] o.s.w.s.DispatcherServlet                : FrameworkServlet 'dispatcherServlet': initialization completed in 13 ms
2018-06-12 14:06:48.219  INFO shauns-MacBook-Pro.local --- [nio-8080-exec-1] c.c.p.c.HealthController                 : getting health!
